[2023-02-14 10:11:02,095] - logs.py[line:34] - fuc:__console- INFO: ------TestCase Start!------
[2023-02-14 10:11:02,100] - logs.py[line:34] - fuc:__console- INFO: 打开浏览器
[2023-02-14 10:11:02,101] - logs.py[line:34] - fuc:__console- INFO: ------开始登录!------
[2023-02-14 10:11:02,102] - logs.py[line:34] - fuc:__console- INFO: 窗口最大化
[2023-02-14 10:11:02,238] - logs.py[line:34] - fuc:__console- INFO: 访问地址
[2023-02-14 10:11:06,797] - logs.py[line:34] - fuc:__console- INFO: 切换登录方式为账号密码登录
[2023-02-14 10:11:06,819] - logs.py[line:34] - fuc:__console- INFO: 打开浏览器
[2023-02-14 10:11:06,820] - logs.py[line:34] - fuc:__console- INFO: ------开始登录!------
[2023-02-14 10:11:06,821] - logs.py[line:34] - fuc:__console- INFO: 窗口最大化
[2023-02-14 10:11:06,826] - logs.py[line:34] - fuc:__console- INFO: 访问地址
[2023-02-14 10:11:08,274] - logs.py[line:34] - fuc:__console- INFO: 切换登录方式为账号密码登录
[2023-02-14 10:11:08,285] - logs.py[line:34] - fuc:__console- INFO: 打开浏览器
[2023-02-14 10:11:08,286] - logs.py[line:34] - fuc:__console- INFO: ------开始登录!------
[2023-02-14 10:11:08,287] - logs.py[line:34] - fuc:__console- INFO: 窗口最大化
[2023-02-14 10:11:08,298] - logs.py[line:34] - fuc:__console- INFO: 访问地址
[2023-02-14 10:11:09,681] - logs.py[line:34] - fuc:__console- INFO: 切换登录方式为账号密码登录
[2023-02-14 11:15:59,029] - logs.py[line:34] - fuc:__console- INFO: ------TestCase Start!------
[2023-02-14 11:15:59,037] - logs.py[line:34] - fuc:__console- INFO: ------开始登录!------
[2023-02-14 11:15:59,081] - logs.py[line:34] - fuc:__console- INFO: 打开浏览器,窗口最大化
[2023-02-14 11:15:59,244] - logs.py[line:34] - fuc:__console- INFO: 访问地址
[2023-02-14 11:16:03,270] - logs.py[line:34] - fuc:__console- INFO: 切换登录方式为账号密码登录
[2023-02-14 11:16:03,338] - logs.py[line:34] - fuc:__console- INFO: 输入错误账号/密码登录：error/error
[2023-02-14 11:16:03,685] - logs.py[line:34] - fuc:__console- INFO: 点击登录按钮
[2023-02-14 11:16:04,793] - logs.py[line:34] - fuc:__console- INFO: 获取登录失败的提示语：请填写正确的用户名、密码
[2023-02-14 11:16:04,794] - logs.py[line:34] - fuc:__console- INFO: ------登录用例结束！------
[2023-02-14 11:16:04,795] - logs.py[line:34] - fuc:__console- INFO: ------开始登录!------
[2023-02-14 11:16:04,796] - logs.py[line:34] - fuc:__console- INFO: 打开浏览器,窗口最大化
[2023-02-14 11:16:04,802] - logs.py[line:34] - fuc:__console- INFO: 访问地址
[2023-02-14 11:16:06,339] - logs.py[line:34] - fuc:__console- INFO: 切换登录方式为账号密码登录
[2023-02-14 11:16:06,391] - logs.py[line:34] - fuc:__console- INFO: 清空输入框信息
[2023-02-14 11:16:06,425] - logs.py[line:34] - fuc:__console- INFO: 输入账号：guanzhong.zhou
[2023-02-14 11:16:06,584] - logs.py[line:34] - fuc:__console- INFO: 输入密码：Ee123456!
[2023-02-14 11:16:06,770] - logs.py[line:34] - fuc:__console- INFO: 点击登录
[2023-02-14 11:16:09,392] - logs.py[line:34] - fuc:__console- INFO: 登录后选择城市
[2023-02-14 11:16:15,416] - logs.py[line:34] - fuc:__console- INFO: 登录成功后校验当前地址正确
[2023-02-14 11:16:15,425] - logs.py[line:34] - fuc:__console- INFO: ------登录用例结束！------
[2023-02-14 11:16:15,426] - logs.py[line:34] - fuc:__console- INFO: ------开始登录!------
[2023-02-14 11:16:15,427] - logs.py[line:34] - fuc:__console- INFO: 打开浏览器,窗口最大化
[2023-02-14 11:16:15,438] - logs.py[line:34] - fuc:__console- INFO: 访问地址
[2023-02-14 11:16:17,082] - logs.py[line:34] - fuc:__console- INFO: 切换登录方式为账号密码登录
[2023-02-14 11:16:17,136] - logs.py[line:34] - fuc:__console- INFO: 清空输入框信息
[2023-02-14 11:16:17,171] - logs.py[line:34] - fuc:__console- INFO: 输入账号：guoqi.dong
[2023-02-14 11:16:17,348] - logs.py[line:34] - fuc:__console- INFO: 输入密码：Bdgq123
[2023-02-14 11:16:17,490] - logs.py[line:34] - fuc:__console- INFO: 点击登录
[2023-02-14 11:16:20,103] - logs.py[line:34] - fuc:__console- INFO: 登录后选择城市
[2023-02-14 11:16:26,311] - logs.py[line:40] - fuc:__console- ERROR: Message: 

[2023-02-14 11:16:26,313] - logs.py[line:34] - fuc:__console- INFO: ------登录用例结束！------
[2023-02-14 13:18:18,673] - logs.py[line:34] - fuc:__console- INFO: ------TestCase Start!------
[2023-02-14 13:18:18,678] - logs.py[line:34] - fuc:__console- INFO: ------开始登录!------
[2023-02-14 13:18:18,679] - logs.py[line:34] - fuc:__console- INFO: 打开浏览器,窗口最大化
[2023-02-14 13:18:18,829] - logs.py[line:34] - fuc:__console- INFO: 访问地址
[2023-02-14 13:18:22,387] - logs.py[line:34] - fuc:__console- INFO: 切换登录方式为账号密码登录
[2023-02-14 13:18:22,469] - logs.py[line:34] - fuc:__console- INFO: 输入错误账号/密码登录：error/error
[2023-02-14 13:18:22,729] - logs.py[line:34] - fuc:__console- INFO: 点击登录按钮
[2023-02-14 13:18:23,838] - logs.py[line:34] - fuc:__console- INFO: 获取登录失败的提示语：请填写正确的用户名、密码
[2023-02-14 13:18:23,839] - logs.py[line:34] - fuc:__console- INFO: ------登录用例结束！------
[2023-02-14 13:18:23,841] - logs.py[line:34] - fuc:__console- INFO: ------开始登录!------
[2023-02-14 13:18:23,842] - logs.py[line:34] - fuc:__console- INFO: 打开浏览器,窗口最大化
[2023-02-14 13:18:23,847] - logs.py[line:34] - fuc:__console- INFO: 访问地址
[2023-02-14 13:18:25,741] - logs.py[line:34] - fuc:__console- INFO: 切换登录方式为账号密码登录
[2023-02-14 13:18:25,796] - logs.py[line:34] - fuc:__console- INFO: 清空输入框信息
[2023-02-14 13:18:25,824] - logs.py[line:34] - fuc:__console- INFO: 输入账号：guanzhong.zhou
[2023-02-14 13:18:25,932] - logs.py[line:34] - fuc:__console- INFO: 输入密码：Ee123456!
[2023-02-14 13:18:26,052] - logs.py[line:34] - fuc:__console- INFO: 点击登录
[2023-02-14 13:18:28,639] - logs.py[line:34] - fuc:__console- INFO: 登录后选择城市
[2023-02-14 13:18:34,385] - logs.py[line:34] - fuc:__console- INFO: 登录成功后校验当前地址正确
[2023-02-14 13:18:34,391] - logs.py[line:34] - fuc:__console- INFO: ------登录用例结束！------
[2023-02-14 13:18:34,393] - logs.py[line:34] - fuc:__console- INFO: ------开始登录!------
[2023-02-14 13:18:34,394] - logs.py[line:34] - fuc:__console- INFO: 打开浏览器,窗口最大化
[2023-02-14 13:18:34,399] - logs.py[line:34] - fuc:__console- INFO: 访问地址
[2023-02-14 13:18:35,951] - logs.py[line:34] - fuc:__console- INFO: 切换登录方式为账号密码登录
[2023-02-14 13:18:36,002] - logs.py[line:34] - fuc:__console- INFO: 清空输入框信息
[2023-02-14 13:18:36,076] - logs.py[line:34] - fuc:__console- INFO: 输入账号：guoqi.dong
[2023-02-14 13:18:36,259] - logs.py[line:34] - fuc:__console- INFO: 输入密码：Cdgq123
[2023-02-14 13:18:36,383] - logs.py[line:34] - fuc:__console- INFO: 点击登录
[2023-02-14 13:18:38,977] - logs.py[line:34] - fuc:__console- INFO: 登录后选择城市
[2023-02-14 13:18:43,767] - logs.py[line:34] - fuc:__console- INFO: 登录成功后校验当前地址正确
[2023-02-14 13:18:43,776] - logs.py[line:34] - fuc:__console- INFO: ------登录用例结束！------
